<?xml version="1.0" encoding="UTF-8"?>
<testng-results skipped="0" failed="0" ignored="0" total="1" passed="1">
  <reporter-output>
  </reporter-output>
  <suite name="Default suite" duration-ms="9866" started-at="2018-07-27T05:54:55Z" finished-at="2018-07-27T05:55:05Z">
    <groups>
    </groups>
    <test name="Default test" duration-ms="9866" started-at="2018-07-27T05:54:55Z" finished-at="2018-07-27T05:55:05Z">
      <class name="com.tests.ReadWrite">
        <test-method status="PASS" signature="testLogin()[pri:0, instance:com.tests.ReadWrite@5e5792a0]" name="testLogin" duration-ms="9821" started-at="2018-07-27T05:54:55Z" finished-at="2018-07-27T05:55:05Z">
          <reporter-output>
          </reporter-output>
        </test-method> <!-- testLogin -->
      </class> <!-- com.tests.ReadWrite -->
    </test> <!-- Default test -->
  </suite> <!-- Default suite -->
</testng-results>
